This file contains any messages produced by compilers while
running configure, to aid debugging if configure makes a mistake.

It was created by libuv configure 1.48.0, which was
generated by GNU Autoconf 2.69.  Invocation command line was

  $ ./configure 

## --------- ##
## Platform. ##
## --------- ##

hostname = clank
uname -m = x86_64
uname -r = 5.4.0-208-generic
uname -s = Linux
uname -v = #228-Ubuntu SMP Fri Feb 7 19:41:33 UTC 2025

/usr/bin/uname -p = x86_64
/bin/uname -X     = unknown

/bin/arch              = x86_64
/usr/bin/arch -k       = unknown
/usr/convex/getsysinfo = unknown
/usr/bin/hostinfo      = unknown
/bin/machine           = unknown
/usr/bin/oslevel       = unknown
/bin/universe          = unknown

PATH: /u/ke1124/.local/bin
PATH: /u/ke1124/.vscode-server/bin/f1b07bd25dfad64b0167beb15359ae573aecd2cc/bin/remote-cli
PATH: /projects/cs439-norman/libraries/pintos
PATH: /projects/cs439-norman/libraries/bochs-2.6.11/bin
PATH: /usr/local/sbin
PATH: /usr/local/bin
PATH: /lusr/sbin
PATH: /lusr/bin
PATH: /usr/sbin
PATH: /usr/bin
PATH: /sbin
PATH: /bin
PATH: /usr/games
PATH: /usr/bin/mh
PATH: /lusr/share/hosts
PATH: /lusr/bin/tex
PATH: /lusr/games/bin
PATH: /lusr/opt/condor/bin
PATH: .


## ----------- ##
## Core tests. ##
## ----------- ##

configure:2376: checking for a BSD-compatible install
configure:2444: result: /usr/bin/install -c
configure:2455: checking whether build environment is sane
configure:2510: result: yes
configure:2659: checking for a thread-safe mkdir -p
configure:2698: result: /usr/bin/mkdir -p
configure:2705: checking for gawk
configure:2721: found /usr/bin/gawk
configure:2732: result: gawk
configure:2743: checking whether make sets $(MAKE)
configure:2765: result: yes
configure:2794: checking whether make supports nested variables
configure:2811: result: yes
configure:2938: checking whether to enable maintainer-specific portions of Makefiles
configure:2947: result: yes
configure:2964: checking build system type
configure:2978: result: x86_64-pc-linux-gnu
configure:2998: checking host system type
configure:3011: result: x86_64-pc-linux-gnu
configure:3141: checking for gcc
configure:3157: found /usr/bin/gcc
configure:3168: result: gcc
configure:3397: checking for C compiler version
configure:3406: gcc --version >&5
gcc (Ubuntu 9.4.0-1ubuntu1~20.04.2) 9.4.0
Copyright (C) 2019 Free Software Foundation, Inc.
This is free software; see the source for copying conditions.  There is NO
warranty; not even for MERCHANTABILITY or FITNESS FOR A PARTICULAR PURPOSE.

configure:3417: $? = 0
configure:3406: gcc -v >&5
Using built-in specs.
COLLECT_GCC=gcc
COLLECT_LTO_WRAPPER=/usr/lib/gcc/x86_64-linux-gnu/9/lto-wrapper
OFFLOAD_TARGET_NAMES=nvptx-none:hsa
OFFLOAD_TARGET_DEFAULT=1
Target: x86_64-linux-gnu
Configured with: ../src/configure -v --with-pkgversion='Ubuntu 9.4.0-1ubuntu1~20.04.2' --with-bugurl=file:///usr/share/doc/gcc-9/README.Bugs --enable-languages=c,ada,c++,go,brig,d,fortran,objc,obj-c++,gm2 --prefix=/usr --with-gcc-major-version-only --program-suffix=-9 --program-prefix=x86_64-linux-gnu- --enable-shared --enable-linker-build-id --libexecdir=/usr/lib --without-included-gettext --enable-threads=posix --libdir=/usr/lib --enable-nls --enable-clocale=gnu --enable-libstdcxx-debug --enable-libstdcxx-time=yes --with-default-libstdcxx-abi=new --enable-gnu-unique-object --disable-vtable-verify --enable-plugin --enable-default-pie --with-system-zlib --with-target-system-zlib=auto --enable-objc-gc=auto --enable-multiarch --disable-werror --with-arch-32=i686 --with-abi=m64 --with-multilib-list=m32,m64,mx32 --enable-multilib --with-tune=generic --enable-offload-targets=nvptx-none=/build/gcc-9-9QDOt0/gcc-9-9.4.0/debian/tmp-nvptx/usr,hsa --without-cuda-driver --enable-checking=release --build=x86_64-linux-gnu --host=x86_64-linux-gnu --target=x86_64-linux-gnu
Thread model: posix
gcc version 9.4.0 (Ubuntu 9.4.0-1ubuntu1~20.04.2) 
configure:3417: $? = 0
configure:3406: gcc -V >&5
gcc: error: unrecognized command line option '-V'
gcc: fatal error: no input files
compilation terminated.
configure:3417: $? = 1
configure:3406: gcc -qversion >&5
gcc: error: unrecognized command line option '-qversion'; did you mean '--version'?
gcc: fatal error: no input files
compilation terminated.
configure:3417: $? = 1
configure:3437: checking whether the C compiler works
configure:3459: gcc -I/u/ke1124/.local/include   -L/u/ke1124/.local/lib  conftest.c  >&5
configure:3463: $? = 0
configure:3511: result: yes
configure:3514: checking for C compiler default output file name
configure:3516: result: a.out
configure:3522: checking for suffix of executables
configure:3529: gcc -o conftest -I/u/ke1124/.local/include   -L/u/ke1124/.local/lib  conftest.c  >&5
configure:3533: $? = 0
configure:3555: result: 
configure:3577: checking whether we are cross compiling
configure:3585: gcc -o conftest -I/u/ke1124/.local/include   -L/u/ke1124/.local/lib  conftest.c  >&5
configure:3589: $? = 0
configure:3596: ./conftest
configure:3600: $? = 0
configure:3588: result: no
configure:3593: checking for suffix of object files
configure:3615: gcc -c -I/u/ke1124/.local/include   conftest.c >&5
configure:3619: $? = 0
configure:3640: result: o
configure:3644: checking whether we are using the GNU C compiler
configure:3663: gcc -c -I/u/ke1124/.local/include   conftest.c >&5
configure:3663: $? = 0
configure:3672: result: yes
configure:3681: checking whether gcc accepts -g
configure:3701: gcc -c -g  conftest.c >&5
configure:3701: $? = 0
configure:3742: result: yes
configure:3759: checking for gcc option to accept ISO C89
configure:3822: gcc  -c -I/u/ke1124/.local/include   conftest.c >&5
configure:3822: $? = 0
configure:3835: result: none needed
configure:3860: checking whether gcc understands -c and -o together
configure:3882: gcc -c conftest.c -o conftest2.o
configure:3885: $? = 0
configure:3882: gcc -c conftest.c -o conftest2.o
configure:3885: $? = 0
configure:3897: result: yes
configure:3917: checking whether make supports the include directive
configure:3932: make -f confmf.GNU && cat confinc.out
this is the am__doit target
configure:3935: $? = 0
configure:3949: result: yes (GNU style)
configure:3974: checking dependency style of gcc
configure:4085: result: gcc3
configure:4104: checking for gcc way to treat warnings as errors
configure:4119: gcc -c -I/u/ke1124/.local/include  -Werror  conftest.c >&5
configure:4119: $? = 0
configure:4162: result: -Werror
configure:4168: checking if gcc supports __attribute__(( visibility("default") ))
configure:4185: gcc -c -I/u/ke1124/.local/include  -Werror  conftest.c >&5
configure:4185: $? = 0
configure:4200: result: yes
configure:4210: checking if gcc supports -fvisibility=hidden
configure:4227: gcc -c -I/u/ke1124/.local/include  -Werror -fvisibility=hidden  conftest.c >&5
configure:4227: $? = 0
configure:4246: result: yes
configure:4264: checking if gcc supports -fno-strict-aliasing flag
configure:4279: gcc -c -I/u/ke1124/.local/include  -fvisibility=hidden -fno-strict-aliasing  conftest.c >&5
configure:4279: $? = 0
configure:4295: result: yes
configure:4300: checking if gcc supports -fno-strict-aliasing flag
configure:4317: gcc -o conftest -I/u/ke1124/.local/include  -fvisibility=hidden  -L/u/ke1124/.local/lib  -fno-strict-aliasing conftest.c  >&5
configure:4317: $? = 0
configure:4333: result: yes
configure:4350: checking if gcc supports -g flag
configure:4365: gcc -c -I/u/ke1124/.local/include  -fvisibility=hidden -g  conftest.c >&5
configure:4365: $? = 0
configure:4382: result: yes
configure:4396: checking if gcc supports -std=gnu89 flag
configure:4411: gcc -c -I/u/ke1124/.local/include  -fvisibility=hidden -std=gnu89  conftest.c >&5
configure:4411: $? = 0
configure:4428: result: yes
configure:4442: checking if gcc supports -Wall flag
configure:4457: gcc -c -I/u/ke1124/.local/include  -fvisibility=hidden -Wall  conftest.c >&5
configure:4457: $? = 0
configure:4474: result: yes
configure:4488: checking if gcc supports -Wextra flag
configure:4503: gcc -c -I/u/ke1124/.local/include  -fvisibility=hidden -Wextra  conftest.c >&5
configure:4503: $? = 0
configure:4520: result: yes
configure:4534: checking if gcc supports -Wno-long-long flag
configure:4549: gcc -c -I/u/ke1124/.local/include  -fvisibility=hidden -Wno-long-long  conftest.c >&5
configure:4549: $? = 0
configure:4566: result: yes
configure:4580: checking if gcc supports -Wno-unused-parameter flag
configure:4595: gcc -c -I/u/ke1124/.local/include  -fvisibility=hidden -Wno-unused-parameter  conftest.c >&5
configure:4595: $? = 0
configure:4612: result: yes
configure:4626: checking if gcc supports -Wstrict-prototypes flag
configure:4641: gcc -c -I/u/ke1124/.local/include  -fvisibility=hidden -Wstrict-prototypes  conftest.c >&5
configure:4641: $? = 0
configure:4658: result: yes
configure:4719: checking for ar
configure:4735: found /usr/bin/ar
configure:4746: result: ar
configure:4772: checking the archiver (ar) interface
configure:4788: gcc -c -I/u/ke1124/.local/include  -fvisibility=hidden  conftest.c >&5
configure:4788: $? = 0
configure:4790: ar cru libconftest.a conftest.o >&5
ar: `u' modifier ignored since `D' is the default (see `U')
configure:4793: $? = 0
configure:4792: result: ar
configure:4859: checking how to print strings
configure:4886: result: printf
configure:4907: checking for a sed that does not truncate output
configure:4971: result: /usr/bin/sed
configure:4989: checking for grep that handles long lines and -e
configure:5047: result: /usr/bin/grep
configure:5052: checking for egrep
configure:5114: result: /usr/bin/grep -E
configure:5119: checking for fgrep
configure:5181: result: /usr/bin/grep -F
configure:5216: checking for ld used by gcc
configure:5283: result: /usr/bin/ld
configure:5290: checking if the linker (/usr/bin/ld) is GNU ld
configure:5305: result: yes
configure:5317: checking for BSD- or MS-compatible name lister (nm)
configure:5371: result: /usr/bin/nm -B
configure:5501: checking the name lister (/usr/bin/nm -B) interface
configure:5508: gcc -c -I/u/ke1124/.local/include  -fvisibility=hidden  conftest.c >&5
configure:5511: /usr/bin/nm -B "conftest.o"
configure:5514: output
0000000000000000 B some_variable
configure:5515: result: BSD nm
configure:5518: checking whether ln -s works
configure:5522: result: yes
configure:5530: checking the maximum length of command line arguments
configure:5661: result: 1572864
configure:5709: checking how to convert x86_64-pc-linux-gnu file names to x86_64-pc-linux-gnu format
configure:5749: result: func_convert_file_noop
configure:5756: checking how to convert x86_64-pc-linux-gnu file names to toolchain format
configure:5776: result: func_convert_file_noop
configure:5783: checking for /usr/bin/ld option to reload object files
configure:5790: result: -r
configure:5864: checking for objdump
configure:5880: found /usr/bin/objdump
configure:5891: result: objdump
configure:5923: checking how to recognize dependent libraries
configure:6123: result: pass_all
configure:6208: checking for dlltool
configure:6238: result: no
configure:6268: checking how to associate runtime and link libraries
configure:6295: result: printf %s\n
configure:6419: checking for archiver @FILE support
configure:6436: gcc -c -I/u/ke1124/.local/include  -fvisibility=hidden  conftest.c >&5
configure:6436: $? = 0
configure:6439: ar cr libconftest.a @conftest.lst >&5
configure:6442: $? = 0
configure:6447: ar cr libconftest.a @conftest.lst >&5
ar: conftest.o: No such file or directory
configure:6450: $? = 1
configure:6449: result: @
configure:6507: checking for strip
configure:6523: found /usr/bin/strip
configure:6534: result: strip
configure:6606: checking for ranlib
configure:6622: found /usr/bin/ranlib
configure:6633: result: ranlib
configure:6735: checking command to parse /usr/bin/nm -B output from gcc object
configure:6888: gcc -c -I/u/ke1124/.local/include  -fvisibility=hidden  conftest.c >&5
configure:6891: $? = 0
configure:6895: /usr/bin/nm -B conftest.o | sed -n -e 's/^.*[	 ]\([ABCDGIRSTW][ABCDGIRSTW]*\)[	 ][	 ]*\([_A-Za-z][_A-Za-z0-9]*\)$/\1 \2 \2/p' | sed '/ __gnu_lto/d' > conftest.nm
configure:6961: gcc -o conftest -I/u/ke1124/.local/include  -fvisibility=hidden  -L/u/ke1124/.local/lib  conftest.c conftstm.o >&5
configure:6964: $? = 0
configure:7002: result: ok
configure:7049: checking for sysroot
configure:7079: result: no
configure:7086: checking for a working dd
configure:7124: result: /usr/bin/dd
configure:7128: checking how to truncate binary pipes
configure:7143: result: /usr/bin/dd bs=4096 count=1
configure:7279: gcc -c -I/u/ke1124/.local/include  -fvisibility=hidden  conftest.c >&5
configure:7282: $? = 0
configure:7472: checking for mt
configure:7488: found /usr/bin/mt
configure:7499: result: mt
configure:7522: checking if mt is a manifest tool
configure:7528: mt '-?'
configure:7536: result: no
configure:8213: checking how to run the C preprocessor
configure:8244: gcc -E  conftest.c
configure:8244: $? = 0
configure:8258: gcc -E  conftest.c
conftest.c:13:10: fatal error: ac_nonexistent.h: No such file or directory
   13 | #include <ac_nonexistent.h>
      |          ^~~~~~~~~~~~~~~~~~
compilation terminated.
configure:8258: $? = 1
configure: failed program was:
| /* confdefs.h */
| #define PACKAGE_NAME "libuv"
| #define PACKAGE_TARNAME "libuv"
| #define PACKAGE_VERSION "1.48.0"
| #define PACKAGE_STRING "libuv 1.48.0"
| #define PACKAGE_BUGREPORT "https://github.com/libuv/libuv/issues"
| #define PACKAGE_URL ""
| #define PACKAGE "libuv"
| #define VERSION "1.48.0"
| #define SUPPORT_ATTRIBUTE_VISIBILITY_DEFAULT 1
| #define SUPPORT_FLAG_VISIBILITY 1
| /* end confdefs.h.  */
| #include <ac_nonexistent.h>
configure:8283: result: gcc -E
configure:8303: gcc -E  conftest.c
configure:8303: $? = 0
configure:8317: gcc -E  conftest.c
conftest.c:13:10: fatal error: ac_nonexistent.h: No such file or directory
   13 | #include <ac_nonexistent.h>
      |          ^~~~~~~~~~~~~~~~~~
compilation terminated.
configure:8317: $? = 1
configure: failed program was:
| /* confdefs.h */
| #define PACKAGE_NAME "libuv"
| #define PACKAGE_TARNAME "libuv"
| #define PACKAGE_VERSION "1.48.0"
| #define PACKAGE_STRING "libuv 1.48.0"
| #define PACKAGE_BUGREPORT "https://github.com/libuv/libuv/issues"
| #define PACKAGE_URL ""
| #define PACKAGE "libuv"
| #define VERSION "1.48.0"
| #define SUPPORT_ATTRIBUTE_VISIBILITY_DEFAULT 1
| #define SUPPORT_FLAG_VISIBILITY 1
| /* end confdefs.h.  */
| #include <ac_nonexistent.h>
configure:8346: checking for ANSI C header files
configure:8366: gcc -c -I/u/ke1124/.local/include  -fvisibility=hidden  conftest.c >&5
configure:8366: $? = 0
configure:8439: gcc -o conftest -I/u/ke1124/.local/include  -fvisibility=hidden  -L/u/ke1124/.local/lib  conftest.c  >&5
configure:8439: $? = 0
configure:8439: ./conftest
configure:8439: $? = 0
configure:8450: result: yes
configure:8463: checking for sys/types.h
configure:8463: gcc -c -I/u/ke1124/.local/include  -fvisibility=hidden  conftest.c >&5
configure:8463: $? = 0
configure:8463: result: yes
configure:8463: checking for sys/stat.h
configure:8463: gcc -c -I/u/ke1124/.local/include  -fvisibility=hidden  conftest.c >&5
configure:8463: $? = 0
configure:8463: result: yes
configure:8463: checking for stdlib.h
configure:8463: gcc -c -I/u/ke1124/.local/include  -fvisibility=hidden  conftest.c >&5
configure:8463: $? = 0
configure:8463: result: yes
configure:8463: checking for string.h
configure:8463: gcc -c -I/u/ke1124/.local/include  -fvisibility=hidden  conftest.c >&5
configure:8463: $? = 0
configure:8463: result: yes
configure:8463: checking for memory.h
configure:8463: gcc -c -I/u/ke1124/.local/include  -fvisibility=hidden  conftest.c >&5
configure:8463: $? = 0
configure:8463: result: yes
configure:8463: checking for strings.h
configure:8463: gcc -c -I/u/ke1124/.local/include  -fvisibility=hidden  conftest.c >&5
configure:8463: $? = 0
configure:8463: result: yes
configure:8463: checking for inttypes.h
configure:8463: gcc -c -I/u/ke1124/.local/include  -fvisibility=hidden  conftest.c >&5
configure:8463: $? = 0
configure:8463: result: yes
configure:8463: checking for stdint.h
configure:8463: gcc -c -I/u/ke1124/.local/include  -fvisibility=hidden  conftest.c >&5
configure:8463: $? = 0
configure:8463: result: yes
configure:8463: checking for unistd.h
configure:8463: gcc -c -I/u/ke1124/.local/include  -fvisibility=hidden  conftest.c >&5
configure:8463: $? = 0
configure:8463: result: yes
configure:8477: checking for dlfcn.h
configure:8477: gcc -c -I/u/ke1124/.local/include  -fvisibility=hidden  conftest.c >&5
configure:8477: $? = 0
configure:8477: result: yes
configure:8673: checking for objdir
configure:8688: result: .libs
configure:8952: checking if gcc supports -fno-rtti -fno-exceptions
configure:8970: gcc -c -I/u/ke1124/.local/include  -fvisibility=hidden  -fno-rtti -fno-exceptions conftest.c >&5
cc1: warning: command line option '-fno-rtti' is valid for C++/D/ObjC++ but not for C
configure:8974: $? = 0
configure:8987: result: no
configure:9351: checking for gcc option to produce PIC
configure:9358: result: -fPIC -DPIC
configure:9366: checking if gcc PIC flag -fPIC -DPIC works
configure:9384: gcc -c -I/u/ke1124/.local/include  -fvisibility=hidden  -fPIC -DPIC -DPIC conftest.c >&5
configure:9388: $? = 0
configure:9401: result: yes
configure:9430: checking if gcc static flag -static works
configure:9458: result: yes
configure:9473: checking if gcc supports -c -o file.o
configure:9494: gcc -c -I/u/ke1124/.local/include  -fvisibility=hidden  -o out/conftest2.o conftest.c >&5
configure:9498: $? = 0
configure:9520: result: yes
configure:9528: checking if gcc supports -c -o file.o
configure:9575: result: yes
configure:9608: checking whether the gcc linker (/usr/bin/ld -m elf_x86_64) supports shared libraries
configure:10871: result: yes
configure:10908: checking whether -lc should be explicitly linked in
configure:10916: gcc -c -I/u/ke1124/.local/include  -fvisibility=hidden  conftest.c >&5
configure:10919: $? = 0
configure:10934: gcc -shared  -fPIC -DPIC conftest.o  -v -Wl,-soname -Wl,conftest -o conftest 2\>\&1 \| /usr/bin/grep  -lc  \>/dev/null 2\>\&1
configure:10937: $? = 0
configure:10951: result: no
configure:11111: checking dynamic linker characteristics
configure:11692: gcc -o conftest -I/u/ke1124/.local/include  -fvisibility=hidden  -L/u/ke1124/.local/lib  -Wl,-rpath -Wl,/foo conftest.c  >&5
configure:11692: $? = 0
configure:11941: result: GNU/Linux ld.so
configure:12063: checking how to hardcode library paths into programs
configure:12088: result: immediate
configure:12636: checking whether stripping libraries is possible
configure:12641: result: yes
configure:12676: checking if libtool supports shared libraries
configure:12678: result: yes
configure:12681: checking whether to build shared libraries
configure:12706: result: yes
configure:12709: checking whether to build static libraries
configure:12713: result: yes
configure:9537: checking whether make supports nested variables
configure:9554: result: yes
configure:9749: checking whether gcc is Clang
configure:9774: result: no
configure:9897: checking whether pthreads work with -pthread
configure:9991: gcc -o conftest -I/u/ke1124/.local/include  -fvisibility=hidden -pthread  -L/u/ke1124/.local/lib  conftest.c   >&5
configure:9991: $? = 0
configure:10000: result: yes
configure:10019: checking for joinable pthread attribute
configure:10037: gcc -o conftest -I/u/ke1124/.local/include  -fvisibility=hidden -pthread  -L/u/ke1124/.local/lib  conftest.c   >&5
configure:10037: $? = 0
configure:10045: result: PTHREAD_CREATE_JOINABLE
configure:10059: checking whether more special flags are required for pthreads
configure:10072: result: no
configure:10080: checking for PTHREAD_PRIO_INHERIT
configure:10096: gcc -o conftest -I/u/ke1124/.local/include  -fvisibility=hidden -pthread  -L/u/ke1124/.local/lib  conftest.c   >&5
configure:10096: $? = 0
configure:10105: result: yes
configure:10203: checking for library containing dlopen
configure:10234: gcc -o conftest -I/u/ke1124/.local/include  -fvisibility=hidden -pthread  -L/u/ke1124/.local/lib  conftest.c   >&5
/usr/bin/ld: /tmp/cc4TYKae.o: in function `main':
conftest.c:(.text+0xe): undefined reference to `dlopen'
collect2: error: ld returned 1 exit status
configure:10234: $? = 1
configure: failed program was:
| /* confdefs.h */
| #define PACKAGE_NAME "libuv"
| #define PACKAGE_TARNAME "libuv"
| #define PACKAGE_VERSION "1.48.0"
| #define PACKAGE_STRING "libuv 1.48.0"
| #define PACKAGE_BUGREPORT "https://github.com/libuv/libuv/issues"
| #define PACKAGE_URL ""
| #define PACKAGE "libuv"
| #define VERSION "1.48.0"
| #define SUPPORT_ATTRIBUTE_VISIBILITY_DEFAULT 1
| #define SUPPORT_FLAG_VISIBILITY 1
| #define STDC_HEADERS 1
| #define HAVE_SYS_TYPES_H 1
| #define HAVE_SYS_STAT_H 1
| #define HAVE_STDLIB_H 1
| #define HAVE_STRING_H 1
| #define HAVE_MEMORY_H 1
| #define HAVE_STRINGS_H 1
| #define HAVE_INTTYPES_H 1
| #define HAVE_STDINT_H 1
| #define HAVE_UNISTD_H 1
| #define HAVE_DLFCN_H 1
| #define LT_OBJDIR ".libs/"
| #define HAVE_PTHREAD_PRIO_INHERIT 1
| /* end confdefs.h.  */
| 
| /* Override any GCC internal prototype to avoid an error.
|    Use char because int might match the return type of a GCC
|    builtin and then its argument prototype would still apply.  */
| #ifdef __cplusplus
| extern "C"
| #endif
| char dlopen ();
| int
| main ()
| {
| return dlopen ();
|   ;
|   return 0;
| }
configure:10234: gcc -o conftest -I/u/ke1124/.local/include  -fvisibility=hidden -pthread  -L/u/ke1124/.local/lib  conftest.c -ldl    >&5
configure:10234: $? = 0
configure:10251: result: -ldl
configure:10259: checking for library containing kstat_lookup
configure:10290: gcc -o conftest -I/u/ke1124/.local/include  -fvisibility=hidden -pthread  -L/u/ke1124/.local/lib  conftest.c -ldl   >&5
/usr/bin/ld: /tmp/ccVD7sHE.o: in function `main':
conftest.c:(.text+0xe): undefined reference to `kstat_lookup'
collect2: error: ld returned 1 exit status
configure:10290: $? = 1
configure: failed program was:
| /* confdefs.h */
| #define PACKAGE_NAME "libuv"
| #define PACKAGE_TARNAME "libuv"
| #define PACKAGE_VERSION "1.48.0"
| #define PACKAGE_STRING "libuv 1.48.0"
| #define PACKAGE_BUGREPORT "https://github.com/libuv/libuv/issues"
| #define PACKAGE_URL ""
| #define PACKAGE "libuv"
| #define VERSION "1.48.0"
| #define SUPPORT_ATTRIBUTE_VISIBILITY_DEFAULT 1
| #define SUPPORT_FLAG_VISIBILITY 1
| #define STDC_HEADERS 1
| #define HAVE_SYS_TYPES_H 1
| #define HAVE_SYS_STAT_H 1
| #define HAVE_STDLIB_H 1
| #define HAVE_STRING_H 1
| #define HAVE_MEMORY_H 1
| #define HAVE_STRINGS_H 1
| #define HAVE_INTTYPES_H 1
| #define HAVE_STDINT_H 1
| #define HAVE_UNISTD_H 1
| #define HAVE_DLFCN_H 1
| #define LT_OBJDIR ".libs/"
| #define HAVE_PTHREAD_PRIO_INHERIT 1
| /* end confdefs.h.  */
| 
| /* Override any GCC internal prototype to avoid an error.
|    Use char because int might match the return type of a GCC
|    builtin and then its argument prototype would still apply.  */
| #ifdef __cplusplus
| extern "C"
| #endif
| char kstat_lookup ();
| int
| main ()
| {
| return kstat_lookup ();
|   ;
|   return 0;
| }
configure:10290: gcc -o conftest -I/u/ke1124/.local/include  -fvisibility=hidden -pthread  -L/u/ke1124/.local/lib  conftest.c -lkstat  -ldl   >&5
/usr/bin/ld: cannot find -lkstat
collect2: error: ld returned 1 exit status
configure:10290: $? = 1
configure: failed program was:
| /* confdefs.h */
| #define PACKAGE_NAME "libuv"
| #define PACKAGE_TARNAME "libuv"
| #define PACKAGE_VERSION "1.48.0"
| #define PACKAGE_STRING "libuv 1.48.0"
| #define PACKAGE_BUGREPORT "https://github.com/libuv/libuv/issues"
| #define PACKAGE_URL ""
| #define PACKAGE "libuv"
| #define VERSION "1.48.0"
| #define SUPPORT_ATTRIBUTE_VISIBILITY_DEFAULT 1
| #define SUPPORT_FLAG_VISIBILITY 1
| #define STDC_HEADERS 1
| #define HAVE_SYS_TYPES_H 1
| #define HAVE_SYS_STAT_H 1
| #define HAVE_STDLIB_H 1
| #define HAVE_STRING_H 1
| #define HAVE_MEMORY_H 1
| #define HAVE_STRINGS_H 1
| #define HAVE_INTTYPES_H 1
| #define HAVE_STDINT_H 1
| #define HAVE_UNISTD_H 1
| #define HAVE_DLFCN_H 1
| #define LT_OBJDIR ".libs/"
| #define HAVE_PTHREAD_PRIO_INHERIT 1
| /* end confdefs.h.  */
| 
| /* Override any GCC internal prototype to avoid an error.
|    Use char because int might match the return type of a GCC
|    builtin and then its argument prototype would still apply.  */
| #ifdef __cplusplus
| extern "C"
| #endif
| char kstat_lookup ();
| int
| main ()
| {
| return kstat_lookup ();
|   ;
|   return 0;
| }
configure:10307: result: no
configure:10315: checking for library containing gethostbyname
configure:10346: gcc -o conftest -I/u/ke1124/.local/include  -fvisibility=hidden -pthread  -L/u/ke1124/.local/lib  conftest.c -ldl   >&5
configure:10346: $? = 0
configure:10363: result: none required
configure:10371: checking for library containing perfstat_cpu
configure:10402: gcc -o conftest -I/u/ke1124/.local/include  -fvisibility=hidden -pthread  -L/u/ke1124/.local/lib  conftest.c -ldl   >&5
/usr/bin/ld: /tmp/ccZTJWGh.o: in function `main':
conftest.c:(.text+0xe): undefined reference to `perfstat_cpu'
collect2: error: ld returned 1 exit status
configure:10402: $? = 1
configure: failed program was:
| /* confdefs.h */
| #define PACKAGE_NAME "libuv"
| #define PACKAGE_TARNAME "libuv"
| #define PACKAGE_VERSION "1.48.0"
| #define PACKAGE_STRING "libuv 1.48.0"
| #define PACKAGE_BUGREPORT "https://github.com/libuv/libuv/issues"
| #define PACKAGE_URL ""
| #define PACKAGE "libuv"
| #define VERSION "1.48.0"
| #define SUPPORT_ATTRIBUTE_VISIBILITY_DEFAULT 1
| #define SUPPORT_FLAG_VISIBILITY 1
| #define STDC_HEADERS 1
| #define HAVE_SYS_TYPES_H 1
| #define HAVE_SYS_STAT_H 1
| #define HAVE_STDLIB_H 1
| #define HAVE_STRING_H 1
| #define HAVE_MEMORY_H 1
| #define HAVE_STRINGS_H 1
| #define HAVE_INTTYPES_H 1
| #define HAVE_STDINT_H 1
| #define HAVE_UNISTD_H 1
| #define HAVE_DLFCN_H 1
| #define LT_OBJDIR ".libs/"
| #define HAVE_PTHREAD_PRIO_INHERIT 1
| /* end confdefs.h.  */
| 
| /* Override any GCC internal prototype to avoid an error.
|    Use char because int might match the return type of a GCC
|    builtin and then its argument prototype would still apply.  */
| #ifdef __cplusplus
| extern "C"
| #endif
| char perfstat_cpu ();
| int
| main ()
| {
| return perfstat_cpu ();
|   ;
|   return 0;
| }
configure:10402: gcc -o conftest -I/u/ke1124/.local/include  -fvisibility=hidden -pthread  -L/u/ke1124/.local/lib  conftest.c -lperfstat  -ldl   >&5
/usr/bin/ld: cannot find -lperfstat
collect2: error: ld returned 1 exit status
configure:10402: $? = 1
configure: failed program was:
| /* confdefs.h */
| #define PACKAGE_NAME "libuv"
| #define PACKAGE_TARNAME "libuv"
| #define PACKAGE_VERSION "1.48.0"
| #define PACKAGE_STRING "libuv 1.48.0"
| #define PACKAGE_BUGREPORT "https://github.com/libuv/libuv/issues"
| #define PACKAGE_URL ""
| #define PACKAGE "libuv"
| #define VERSION "1.48.0"
| #define SUPPORT_ATTRIBUTE_VISIBILITY_DEFAULT 1
| #define SUPPORT_FLAG_VISIBILITY 1
| #define STDC_HEADERS 1
| #define HAVE_SYS_TYPES_H 1
| #define HAVE_SYS_STAT_H 1
| #define HAVE_STDLIB_H 1
| #define HAVE_STRING_H 1
| #define HAVE_MEMORY_H 1
| #define HAVE_STRINGS_H 1
| #define HAVE_INTTYPES_H 1
| #define HAVE_STDINT_H 1
| #define HAVE_UNISTD_H 1
| #define HAVE_DLFCN_H 1
| #define LT_OBJDIR ".libs/"
| #define HAVE_PTHREAD_PRIO_INHERIT 1
| /* end confdefs.h.  */
| 
| /* Override any GCC internal prototype to avoid an error.
|    Use char because int might match the return type of a GCC
|    builtin and then its argument prototype would still apply.  */
| #ifdef __cplusplus
| extern "C"
| #endif
| char perfstat_cpu ();
| int
| main ()
| {
| return perfstat_cpu ();
|   ;
|   return 0;
| }
configure:10419: result: no
configure:10427: checking for library containing clock_gettime
configure:10458: gcc -o conftest -I/u/ke1124/.local/include  -fvisibility=hidden -pthread  -L/u/ke1124/.local/lib  conftest.c -ldl   >&5
configure:10458: $? = 0
configure:10475: result: none required
configure:10483: checking for library containing sendfile
configure:10514: gcc -o conftest -I/u/ke1124/.local/include  -fvisibility=hidden -pthread  -L/u/ke1124/.local/lib  conftest.c -ldl   >&5
configure:10514: $? = 0
configure:10531: result: none required
configure:10539: checking for library containing socket
configure:10570: gcc -o conftest -I/u/ke1124/.local/include  -fvisibility=hidden -pthread  -L/u/ke1124/.local/lib  conftest.c -ldl   >&5
configure:10570: $? = 0
configure:10587: result: none required
configure:10602: checking for special C compiler options needed for large files
configure:10647: result: no
configure:10653: checking for _FILE_OFFSET_BITS value needed for large files
configure:10678: gcc -c -I/u/ke1124/.local/include  -fvisibility=hidden -pthread  conftest.c >&5
configure:10678: $? = 0
configure:10710: result: no
configure:11035: checking sys/ahafs_evProds.h usability
configure:11035: gcc -c -I/u/ke1124/.local/include  -fvisibility=hidden -pthread  conftest.c >&5
conftest.c:59:10: fatal error: sys/ahafs_evProds.h: No such file or directory
   59 | #include <sys/ahafs_evProds.h>
      |          ^~~~~~~~~~~~~~~~~~~~~
compilation terminated.
configure:11035: $? = 1
configure: failed program was:
| /* confdefs.h */
| #define PACKAGE_NAME "libuv"
| #define PACKAGE_TARNAME "libuv"
| #define PACKAGE_VERSION "1.48.0"
| #define PACKAGE_STRING "libuv 1.48.0"
| #define PACKAGE_BUGREPORT "https://github.com/libuv/libuv/issues"
| #define PACKAGE_URL ""
| #define PACKAGE "libuv"
| #define VERSION "1.48.0"
| #define SUPPORT_ATTRIBUTE_VISIBILITY_DEFAULT 1
| #define SUPPORT_FLAG_VISIBILITY 1
| #define STDC_HEADERS 1
| #define HAVE_SYS_TYPES_H 1
| #define HAVE_SYS_STAT_H 1
| #define HAVE_STDLIB_H 1
| #define HAVE_STRING_H 1
| #define HAVE_MEMORY_H 1
| #define HAVE_STRINGS_H 1
| #define HAVE_INTTYPES_H 1
| #define HAVE_STDINT_H 1
| #define HAVE_UNISTD_H 1
| #define HAVE_DLFCN_H 1
| #define LT_OBJDIR ".libs/"
| #define HAVE_PTHREAD_PRIO_INHERIT 1
| /* end confdefs.h.  */
| #include <stdio.h>
| #ifdef HAVE_SYS_TYPES_H
| # include <sys/types.h>
| #endif
| #ifdef HAVE_SYS_STAT_H
| # include <sys/stat.h>
| #endif
| #ifdef STDC_HEADERS
| # include <stdlib.h>
| # include <stddef.h>
| #else
| # ifdef HAVE_STDLIB_H
| #  include <stdlib.h>
| # endif
| #endif
| #ifdef HAVE_STRING_H
| # if !defined STDC_HEADERS && defined HAVE_MEMORY_H
| #  include <memory.h>
| # endif
| # include <string.h>
| #endif
| #ifdef HAVE_STRINGS_H
| # include <strings.h>
| #endif
| #ifdef HAVE_INTTYPES_H
| # include <inttypes.h>
| #endif
| #ifdef HAVE_STDINT_H
| # include <stdint.h>
| #endif
| #ifdef HAVE_UNISTD_H
| # include <unistd.h>
| #endif
| #include <sys/ahafs_evProds.h>
configure:11035: result: no
configure:11035: checking sys/ahafs_evProds.h presence
configure:11035: gcc -E  conftest.c
conftest.c:26:10: fatal error: sys/ahafs_evProds.h: No such file or directory
   26 | #include <sys/ahafs_evProds.h>
      |          ^~~~~~~~~~~~~~~~~~~~~
compilation terminated.
configure:11035: $? = 1
configure: failed program was:
| /* confdefs.h */
| #define PACKAGE_NAME "libuv"
| #define PACKAGE_TARNAME "libuv"
| #define PACKAGE_VERSION "1.48.0"
| #define PACKAGE_STRING "libuv 1.48.0"
| #define PACKAGE_BUGREPORT "https://github.com/libuv/libuv/issues"
| #define PACKAGE_URL ""
| #define PACKAGE "libuv"
| #define VERSION "1.48.0"
| #define SUPPORT_ATTRIBUTE_VISIBILITY_DEFAULT 1
| #define SUPPORT_FLAG_VISIBILITY 1
| #define STDC_HEADERS 1
| #define HAVE_SYS_TYPES_H 1
| #define HAVE_SYS_STAT_H 1
| #define HAVE_STDLIB_H 1
| #define HAVE_STRING_H 1
| #define HAVE_MEMORY_H 1
| #define HAVE_STRINGS_H 1
| #define HAVE_INTTYPES_H 1
| #define HAVE_STDINT_H 1
| #define HAVE_UNISTD_H 1
| #define HAVE_DLFCN_H 1
| #define LT_OBJDIR ".libs/"
| #define HAVE_PTHREAD_PRIO_INHERIT 1
| /* end confdefs.h.  */
| #include <sys/ahafs_evProds.h>
configure:11035: result: no
configure:11035: checking for sys/ahafs_evProds.h
configure:11035: result: no
configure:11192: checking that generated files are newer than configure
configure:11198: result: done
configure:11289: creating ./config.status

## ---------------------- ##
## Running config.status. ##
## ---------------------- ##

This file was extended by libuv config.status 1.48.0, which was
generated by GNU Autoconf 2.69.  Invocation command line was

  CONFIG_FILES    = 
  CONFIG_HEADERS  = 
  CONFIG_LINKS    = 
  CONFIG_COMMANDS = 
  $ ./config.status 

on clank

config.status:1050: creating Makefile
config.status:1050: creating libuv.pc
config.status:1253: executing depfiles commands
config.status:1326: cd .       && sed -e '/# am--include-marker/d' Makefile         | make -f - am--depfiles
make: Nothing to be done for 'am--depfiles'.
config.status:1331: $? = 0
config.status:1253: executing libtool commands

## ---------------- ##
## Cache variables. ##
## ---------------- ##

ac_cv_build=x86_64-pc-linux-gnu
ac_cv_c_compiler_gnu=yes
ac_cv_env_CC_set=
ac_cv_env_CC_value=
ac_cv_env_CFLAGS_set=set
ac_cv_env_CFLAGS_value='-I/u/ke1124/.local/include '
ac_cv_env_CPPFLAGS_set=
ac_cv_env_CPPFLAGS_value=
ac_cv_env_CPP_set=
ac_cv_env_CPP_value=
ac_cv_env_LDFLAGS_set=set
ac_cv_env_LDFLAGS_value='-L/u/ke1124/.local/lib '
ac_cv_env_LIBS_set=
ac_cv_env_LIBS_value=
ac_cv_env_LT_SYS_LIBRARY_PATH_set=
ac_cv_env_LT_SYS_LIBRARY_PATH_value=
ac_cv_env_build_alias_set=
ac_cv_env_build_alias_value=
ac_cv_env_host_alias_set=
ac_cv_env_host_alias_value=
ac_cv_env_target_alias_set=
ac_cv_env_target_alias_value=
ac_cv_header_dlfcn_h=yes
ac_cv_header_inttypes_h=yes
ac_cv_header_memory_h=yes
ac_cv_header_stdc=yes
ac_cv_header_stdint_h=yes
ac_cv_header_stdlib_h=yes
ac_cv_header_string_h=yes
ac_cv_header_strings_h=yes
ac_cv_header_sys_ahafs_evProds_h=no
ac_cv_header_sys_stat_h=yes
ac_cv_header_sys_types_h=yes
ac_cv_header_unistd_h=yes
ac_cv_host=x86_64-pc-linux-gnu
ac_cv_objext=o
ac_cv_path_EGREP='/usr/bin/grep -E'
ac_cv_path_FGREP='/usr/bin/grep -F'
ac_cv_path_GREP=/usr/bin/grep
ac_cv_path_SED=/usr/bin/sed
ac_cv_path_install='/usr/bin/install -c'
ac_cv_path_lt_DD=/usr/bin/dd
ac_cv_path_mkdir=/usr/bin/mkdir
ac_cv_prog_AWK=gawk
ac_cv_prog_CPP='gcc -E'
ac_cv_prog_ac_ct_AR=ar
ac_cv_prog_ac_ct_CC=gcc
ac_cv_prog_ac_ct_MANIFEST_TOOL=mt
ac_cv_prog_ac_ct_OBJDUMP=objdump
ac_cv_prog_ac_ct_RANLIB=ranlib
ac_cv_prog_ac_ct_STRIP=strip
ac_cv_prog_cc_c89=
ac_cv_prog_cc_g=yes
ac_cv_prog_make_make_set=yes
ac_cv_search_clock_gettime='none required'
ac_cv_search_dlopen=-ldl
ac_cv_search_gethostbyname='none required'
ac_cv_search_kstat_lookup=no
ac_cv_search_perfstat_cpu=no
ac_cv_search_sendfile='none required'
ac_cv_search_socket='none required'
ac_cv_sys_file_offset_bits=no
ac_cv_sys_largefile_CC=no
am_cv_CC_dependencies_compiler_type=gcc3
am_cv_ar_interface=ar
am_cv_make_support_nested_variables=yes
am_cv_prog_cc_c_o=yes
ax_cv_PTHREAD_CLANG=no
ax_cv_PTHREAD_JOINABLE_ATTR=PTHREAD_CREATE_JOINABLE
ax_cv_PTHREAD_PRIO_INHERIT=yes
ax_cv_PTHREAD_SPECIAL_FLAGS=no
cc_cv_attribute_visibility_default=yes
cc_cv_cflags__Wall=yes
cc_cv_cflags__Werror=yes
cc_cv_cflags__Wextra=yes
cc_cv_cflags__Wno_long_long=yes
cc_cv_cflags__Wno_unused_parameter=yes
cc_cv_cflags__Wstrict_prototypes=yes
cc_cv_cflags__fno_strict_aliasing=yes
cc_cv_cflags__fvisibility_hidden=yes
cc_cv_cflags__g=yes
cc_cv_cflags__std_gnu89=yes
cc_cv_flag_visibility=yes
cc_cv_ldflags__fno_strict_aliasing=yes
cc_cv_werror=-Werror
lt_cv_ar_at_file=@
lt_cv_archive_cmds_need_lc=no
lt_cv_deplibs_check_method=pass_all
lt_cv_file_magic_cmd='$MAGIC_CMD'
lt_cv_file_magic_test_file=
lt_cv_ld_reload_flag=-r
lt_cv_nm_interface='BSD nm'
lt_cv_objdir=.libs
lt_cv_path_LD=/usr/bin/ld
lt_cv_path_NM='/usr/bin/nm -B'
lt_cv_path_mainfest_tool=no
lt_cv_prog_compiler_c_o=yes
lt_cv_prog_compiler_pic='-fPIC -DPIC'
lt_cv_prog_compiler_pic_works=yes
lt_cv_prog_compiler_rtti_exceptions=no
lt_cv_prog_compiler_static_works=yes
lt_cv_prog_gnu_ld=yes
lt_cv_sharedlib_from_linklib_cmd='printf %s\n'
lt_cv_shlibpath_overrides_runpath=yes
lt_cv_sys_global_symbol_pipe='sed -n -e '\''s/^.*[	 ]\([ABCDGIRSTW][ABCDGIRSTW]*\)[	 ][	 ]*\([_A-Za-z][_A-Za-z0-9]*\)$/\1 \2 \2/p'\'' | sed '\''/ __gnu_lto/d'\'''
lt_cv_sys_global_symbol_to_c_name_address='sed -n -e '\''s/^: \(.*\) .*$/  {"\1", (void *) 0},/p'\'' -e '\''s/^[ABCDGIRSTW][ABCDGIRSTW]* .* \(.*\)$/  {"\1", (void *) \&\1},/p'\'''
lt_cv_sys_global_symbol_to_c_name_address_lib_prefix='sed -n -e '\''s/^: \(.*\) .*$/  {"\1", (void *) 0},/p'\'' -e '\''s/^[ABCDGIRSTW][ABCDGIRSTW]* .* \(lib.*\)$/  {"\1", (void *) \&\1},/p'\'' -e '\''s/^[ABCDGIRSTW][ABCDGIRSTW]* .* \(.*\)$/  {"lib\1", (void *) \&\1},/p'\'''
lt_cv_sys_global_symbol_to_cdecl='sed -n -e '\''s/^T .* \(.*\)$/extern int \1();/p'\'' -e '\''s/^[ABCDGIRSTW][ABCDGIRSTW]* .* \(.*\)$/extern char \1;/p'\'''
lt_cv_sys_global_symbol_to_import=
lt_cv_sys_max_cmd_len=1572864
lt_cv_to_host_file_cmd=func_convert_file_noop
lt_cv_to_tool_file_cmd=func_convert_file_noop
lt_cv_truncate_bin='/usr/bin/dd bs=4096 count=1'

## ----------------- ##
## Output variables. ##
## ----------------- ##

ACLOCAL='${SHELL} /u/ke1124/cs360/incus/libuv-v1.48.0/missing aclocal-1.16'
AIX_FALSE=''
AIX_TRUE='#'
AMDEPBACKSLASH='\'
AMDEP_FALSE='#'
AMDEP_TRUE=''
AMTAR='$${TAR-tar}'
AM_BACKSLASH='\'
AM_CFLAGS=' -fno-strict-aliasing -g -std=gnu89 -Wall -Wextra -Wno-long-long -Wno-unused-parameter -Wstrict-prototypes'
AM_DEFAULT_V='$(AM_DEFAULT_VERBOSITY)'
AM_DEFAULT_VERBOSITY='0'
AM_V='$(V)'
ANDROID_FALSE=''
ANDROID_TRUE='#'
AR='ar'
AUTOCONF='${SHELL} /u/ke1124/cs360/incus/libuv-v1.48.0/missing autoconf'
AUTOHEADER='${SHELL} /u/ke1124/cs360/incus/libuv-v1.48.0/missing autoheader'
AUTOMAKE='${SHELL} /u/ke1124/cs360/incus/libuv-v1.48.0/missing automake-1.16'
AWK='gawk'
CC='gcc'
CCDEPMODE='depmode=gcc3'
CFLAGS='-I/u/ke1124/.local/include  -fvisibility=hidden -pthread'
CPP='gcc -E'
CPPFLAGS=''
CYGPATH_W='echo'
CYGWIN_FALSE=''
CYGWIN_TRUE='#'
DARWIN_FALSE=''
DARWIN_TRUE='#'
DEFS='-DPACKAGE_NAME=\"libuv\" -DPACKAGE_TARNAME=\"libuv\" -DPACKAGE_VERSION=\"1.48.0\" -DPACKAGE_STRING=\"libuv\ 1.48.0\" -DPACKAGE_BUGREPORT=\"https://github.com/libuv/libuv/issues\" -DPACKAGE_URL=\"\" -DPACKAGE=\"libuv\" -DVERSION=\"1.48.0\" -DSUPPORT_ATTRIBUTE_VISIBILITY_DEFAULT=1 -DSUPPORT_FLAG_VISIBILITY=1 -DSTDC_HEADERS=1 -DHAVE_SYS_TYPES_H=1 -DHAVE_SYS_STAT_H=1 -DHAVE_STDLIB_H=1 -DHAVE_STRING_H=1 -DHAVE_MEMORY_H=1 -DHAVE_STRINGS_H=1 -DHAVE_INTTYPES_H=1 -DHAVE_STDINT_H=1 -DHAVE_UNISTD_H=1 -DHAVE_DLFCN_H=1 -DLT_OBJDIR=\".libs/\" -DHAVE_PTHREAD_PRIO_INHERIT=1'
DEPDIR='.deps'
DLLTOOL='false'
DRAGONFLY_FALSE=''
DRAGONFLY_TRUE='#'
DSYMUTIL=''
DUMPBIN=''
ECHO_C=''
ECHO_N='-n'
ECHO_T=''
EGREP='/usr/bin/grep -E'
EXEEXT=''
FGREP='/usr/bin/grep -F'
FREEBSD_FALSE=''
FREEBSD_TRUE='#'
GREP='/usr/bin/grep'
HAIKU_FALSE=''
HAIKU_TRUE='#'
HURD_FALSE=''
HURD_TRUE='#'
INSTALL_DATA='${INSTALL} -m 644'
INSTALL_PROGRAM='${INSTALL}'
INSTALL_SCRIPT='${INSTALL}'
INSTALL_STRIP_PROGRAM='$(install_sh) -c -s'
LD='/usr/bin/ld -m elf_x86_64'
LDFLAGS='-L/u/ke1124/.local/lib '
LIBOBJS=''
LIBS='-ldl  '
LIBTOOL='$(SHELL) $(top_builddir)/libtool'
LINUX_FALSE='#'
LINUX_TRUE=''
LIPO=''
LN_S='ln -s'
LTLIBOBJS=''
LT_SYS_LIBRARY_PATH=''
MAINT=''
MAINTAINER_MODE_FALSE='#'
MAINTAINER_MODE_TRUE=''
MAKEINFO='${SHELL} /u/ke1124/cs360/incus/libuv-v1.48.0/missing makeinfo'
MANIFEST_TOOL=':'
MKDIR_P='/usr/bin/mkdir -p'
MSYS_FALSE=''
MSYS_TRUE='#'
NETBSD_FALSE=''
NETBSD_TRUE='#'
NM='/usr/bin/nm -B'
NMEDIT=''
OBJDUMP='objdump'
OBJEXT='o'
OPENBSD_FALSE=''
OPENBSD_TRUE='#'
OS390_FALSE=''
OS390_TRUE='#'
OS400_FALSE=''
OS400_TRUE='#'
OTOOL64=''
OTOOL=''
PACKAGE='libuv'
PACKAGE_BUGREPORT='https://github.com/libuv/libuv/issues'
PACKAGE_NAME='libuv'
PACKAGE_STRING='libuv 1.48.0'
PACKAGE_TARNAME='libuv'
PACKAGE_URL=''
PACKAGE_VERSION='1.48.0'
PATH_SEPARATOR=':'
PTHREAD_CC='gcc'
PTHREAD_CFLAGS='-pthread'
PTHREAD_LIBS=''
RANLIB='ranlib'
SED='/usr/bin/sed'
SET_MAKE=''
SHELL='/bin/bash'
STRIP='strip'
SUNOS_FALSE=''
SUNOS_TRUE='#'
VERSION='1.48.0'
WINNT_FALSE=''
WINNT_TRUE='#'
ac_ct_AR='ar'
ac_ct_CC='gcc'
ac_ct_DUMPBIN=''
am__EXEEXT_FALSE=''
am__EXEEXT_TRUE='#'
am__fastdepCC_FALSE='#'
am__fastdepCC_TRUE=''
am__include='include'
am__isrc=''
am__leading_dot='.'
am__nodep='_no'
am__quote=''
am__tar='$${TAR-tar} chof - "$$tardir"'
am__untar='$${TAR-tar} xf -'
ax_pthread_config=''
bindir='${exec_prefix}/bin'
build='x86_64-pc-linux-gnu'
build_alias=''
build_cpu='x86_64'
build_os='linux-gnu'
build_vendor='pc'
datadir='${datarootdir}'
datarootdir='${prefix}/share'
docdir='${datarootdir}/doc/${PACKAGE_TARNAME}'
dvidir='${docdir}'
exec_prefix='${prefix}'
host='x86_64-pc-linux-gnu'
host_alias=''
host_cpu='x86_64'
host_os='linux-gnu'
host_vendor='pc'
htmldir='${docdir}'
includedir='${prefix}/include'
infodir='${datarootdir}/info'
install_sh='${SHELL} /u/ke1124/cs360/incus/libuv-v1.48.0/install-sh'
libdir='${exec_prefix}/lib'
libexecdir='${exec_prefix}/libexec'
localedir='${datarootdir}/locale'
localstatedir='${prefix}/var'
mandir='${datarootdir}/man'
mkdir_p='$(MKDIR_P)'
oldincludedir='/usr/include'
pdfdir='${docdir}'
prefix='/usr/local'
program_transform_name='s,x,x,'
psdir='${docdir}'
runstatedir='${localstatedir}/run'
sbindir='${exec_prefix}/sbin'
sharedstatedir='${prefix}/com'
sysconfdir='${prefix}/etc'
target_alias=''

## ----------- ##
## confdefs.h. ##
## ----------- ##

/* confdefs.h */
#define PACKAGE_NAME "libuv"
#define PACKAGE_TARNAME "libuv"
#define PACKAGE_VERSION "1.48.0"
#define PACKAGE_STRING "libuv 1.48.0"
#define PACKAGE_BUGREPORT "https://github.com/libuv/libuv/issues"
#define PACKAGE_URL ""
#define PACKAGE "libuv"
#define VERSION "1.48.0"
#define SUPPORT_ATTRIBUTE_VISIBILITY_DEFAULT 1
#define SUPPORT_FLAG_VISIBILITY 1
#define STDC_HEADERS 1
#define HAVE_SYS_TYPES_H 1
#define HAVE_SYS_STAT_H 1
#define HAVE_STDLIB_H 1
#define HAVE_STRING_H 1
#define HAVE_MEMORY_H 1
#define HAVE_STRINGS_H 1
#define HAVE_INTTYPES_H 1
#define HAVE_STDINT_H 1
#define HAVE_UNISTD_H 1
#define HAVE_DLFCN_H 1
#define LT_OBJDIR ".libs/"
#define HAVE_PTHREAD_PRIO_INHERIT 1

configure: exit 0
